0 info it worked if it ends with ok
1 verbose cli [ '/usr/local/bin/node', '/usr/local/bin/npm', 'publish' ]
2 info using npm@3.10.3
3 info using node@v6.1.0
4 verbose publish [ '.' ]
5 silly cache add args [ '.', null ]
6 verbose cache add spec .
7 silly cache add parsed spec Result {
7 silly cache add   raw: '.',
7 silly cache add   scope: null,
7 silly cache add   escapedName: null,
7 silly cache add   name: null,
7 silly cache add   rawSpec: '.',
7 silly cache add   spec: '/Library/WebServer/Documents/is-undefined',
7 silly cache add   type: 'directory' }
8 verbose addLocalDirectory /Users/ibg002/.npm/is-undefined/1.0.0/package.tgz not in flight; packing
9 verbose correctMkdir /Users/ibg002/.npm correctMkdir not in flight; initializing
10 info lifecycle is-undefined@1.0.0~prepublish: is-undefined@1.0.0
11 silly lifecycle is-undefined@1.0.0~prepublish: no script for prepublish, continuing
12 verbose tar pack [ '/Users/ibg002/.npm/is-undefined/1.0.0/package.tgz',
12 verbose tar pack   '/Library/WebServer/Documents/is-undefined' ]
13 verbose tarball /Users/ibg002/.npm/is-undefined/1.0.0/package.tgz
14 verbose folder /Library/WebServer/Documents/is-undefined
15 verbose addLocalTarball adding from inside cache /Users/ibg002/.npm/is-undefined/1.0.0/package.tgz
16 verbose correctMkdir /Users/ibg002/.npm correctMkdir not in flight; initializing
17 silly cache afterAdd is-undefined@1.0.0
18 verbose afterAdd /Users/ibg002/.npm/is-undefined/1.0.0/package/package.json not in flight; writing
19 verbose correctMkdir /Users/ibg002/.npm correctMkdir not in flight; initializing
20 verbose afterAdd /Users/ibg002/.npm/is-undefined/1.0.0/package/package.json written
21 silly publish { name: 'is-undefined',
21 silly publish   version: '1.0.0',
21 silly publish   description: 'check object undefined',
21 silly publish   main: 'index.js',
21 silly publish   scripts: { test: 'echo "Error: no test specified" && exit 1' },
21 silly publish   repository:
21 silly publish    { type: 'git',
21 silly publish      url: 'git+https://github.com/dagdun/is-string-helper.git' },
21 silly publish   keywords: [ 'javascript', 'check', 'string', 'undefined' ],
21 silly publish   author: { name: 'dagdun' },
21 silly publish   license: 'ISC',
21 silly publish   bugs: { url: 'https://github.com/dagdun/is-string-helper/issues' },
21 silly publish   homepage: 'https://github.com/dagdun/is-string-helper#readme',
21 silly publish   readme: '# is-undefined\n\n```javascript\nvar obj = [{id: 123, name: "test"}];\nconsole.log(obj[0].id); // 123\n```\n\n```javascript\nvar obj = {};\nconsole.log(obj[0].id); // crashed program\n```\n\n```javascript\nvar is = require("is-undefined");\nvar obj = {};\nconsole.log(is(obj, "[0].id", null); // null\n```\n',
21 silly publish   readmeFilename: 'README.md',
21 silly publish   gitHead: '8388674d7611d5d402b1b03aa0c93e8b491ecd81',
21 silly publish   _id: 'is-undefined@1.0.0',
21 silly publish   _shasum: 'a6f7afa3833db9c07b6aa5c9e0cc6d35265f78e8',
21 silly publish   _from: '.' }
22 verbose getPublishConfig undefined
23 silly mapToRegistry name is-undefined
24 silly mapToRegistry using default registry
25 silly mapToRegistry registry https://registry.npmjs.org/
26 silly mapToRegistry data Result {
26 silly mapToRegistry   raw: 'is-undefined',
26 silly mapToRegistry   scope: null,
26 silly mapToRegistry   escapedName: 'is-undefined',
26 silly mapToRegistry   name: 'is-undefined',
26 silly mapToRegistry   rawSpec: '',
26 silly mapToRegistry   spec: 'latest',
26 silly mapToRegistry   type: 'tag' }
27 silly mapToRegistry uri https://registry.npmjs.org/is-undefined
28 verbose publish registryBase https://registry.npmjs.org/
29 silly publish uploading /Users/ibg002/.npm/is-undefined/1.0.0/package.tgz
30 verbose request uri https://registry.npmjs.org/is-undefined
31 verbose request sending authorization for write operation
32 info attempt registry request try #1 at 8:02:07 PM
33 verbose request using bearer token for auth
34 verbose request id 4a54f213aa6067b3
35 http request PUT https://registry.npmjs.org/is-undefined
36 http 403 https://registry.npmjs.org/is-undefined
37 verbose headers { 'content-type': 'application/json',
37 verbose headers   'cache-control': 'max-age=300',
37 verbose headers   'content-length': '106',
37 verbose headers   'accept-ranges': 'bytes',
37 verbose headers   date: 'Mon, 30 Jan 2017 13:02:08 GMT',
37 verbose headers   via: '1.1 varnish',
37 verbose headers   connection: 'keep-alive',
37 verbose headers   'x-served-by': 'cache-sin6924-SIN',
37 verbose headers   'x-cache': 'MISS',
37 verbose headers   'x-cache-hits': '0',
37 verbose headers   'x-timer': 'S1485781328.098073,VS0,VE820',
37 verbose headers   vary: 'Accept-Encoding' }
38 verbose request invalidating /Users/ibg002/.npm/registry.npmjs.org/is-undefined on PUT
39 error publish Failed PUT 403
40 verbose stack Error: you do not have permission to publish "is-undefined". Are you logged in as the correct user? : is-undefined
40 verbose stack     at makeError (/usr/local/lib/node_modules/npm/node_modules/npm-registry-client/lib/request.js:264:12)
40 verbose stack     at CachingRegistryClient.<anonymous> (/usr/local/lib/node_modules/npm/node_modules/npm-registry-client/lib/request.js:252:14)
40 verbose stack     at Request._callback (/usr/local/lib/node_modules/npm/node_modules/npm-registry-client/lib/request.js:172:14)
40 verbose stack     at Request.self.callback (/usr/local/lib/node_modules/npm/node_modules/request/request.js:200:22)
40 verbose stack     at emitTwo (events.js:106:13)
40 verbose stack     at Request.emit (events.js:191:7)
40 verbose stack     at Request.<anonymous> (/usr/local/lib/node_modules/npm/node_modules/request/request.js:1067:10)
40 verbose stack     at emitOne (events.js:101:20)
40 verbose stack     at Request.emit (events.js:188:7)
40 verbose stack     at IncomingMessage.<anonymous> (/usr/local/lib/node_modules/npm/node_modules/request/request.js:988:12)
41 verbose statusCode 403
42 verbose pkgid is-undefined
43 verbose cwd /Library/WebServer/Documents/is-undefined
44 error Darwin 16.3.0
45 error argv "/usr/local/bin/node" "/usr/local/bin/npm" "publish"
46 error node v6.1.0
47 error npm  v3.10.3
48 error code E403
49 error you do not have permission to publish "is-undefined". Are you logged in as the correct user? : is-undefined
50 error If you need help, you may report this error at:
50 error     <https://github.com/npm/npm/issues>
51 verbose exit [ 1, true ]
